<testcase name="<%- testcase.name %>" time="<%- testcase.duration/1000.0 %>">
  <% _.each(testcase.failures, function(failure) { %>
    <failure message="<%- failure.message %>" type="<%- failure.type %>">
      <% if (failure.backtrace) { %>
<%- failure.backtrace %>
      <% } %>
    </failure>
  <% }) %>
</testcase>
